This file contains any messages produced by compilers while
running configure, to aid debugging if configure makes a mistake.

It was created by stressapptest configure 1.0.9_autoconf, which was
generated by GNU Autoconf 2.69.  Invocation command line was

  $ ./configure --prefix=/home/taoo-horizon/Horizon/Tool_Test/stressapptest/out

## --------- ##
## Platform. ##
## --------- ##

hostname = Taoo-Horizon-AI
uname -m = x86_64
uname -r = 5.4.0-84-generic
uname -s = Linux
uname -v = #94~18.04.1-Ubuntu SMP Thu Aug 26 23:17:46 UTC 2021

/usr/bin/uname -p = unknown
/bin/uname -X     = unknown

/bin/arch              = unknown
/usr/bin/arch -k       = unknown
/usr/convex/getsysinfo = unknown
/usr/bin/hostinfo      = unknown
/bin/machine           = unknown
/usr/bin/oslevel       = unknown
/bin/universe          = unknown

PATH: /home/taoo-horizon/.local/bin
PATH: /usr/local/sbin
PATH: /usr/local/bin
PATH: /usr/sbin
PATH: /usr/bin
PATH: /sbin
PATH: /bin
PATH: /usr/games
PATH: /usr/local/games
PATH: /snap/bin
PATH: /home/taoo-horizon/Horizon/ToolChain/gcc-linaro-6.4.1-2017.08-x86_64_aarch64-linux-gnu/bin
PATH: /opt/tools/gcc-linaro-6.5.0-2018.12-x86_64_aarch64-linux-gnu/bin
PATH: /opt/arm/developmentstudio_platinum-2020.b/bin
PATH: /opt/arm/developmentstudio_platinum-2020.b/sw/ARMCompiler6.15/bin


## ----------- ##
## Core tests. ##
## ----------- ##

configure:2383: Compiling with dynamically linked libraries.
configure:2420: checking build system type
configure:2434: result: x86_64-pc-linux-gnu
configure:2454: checking host system type
configure:2467: result: x86_64-pc-linux-gnu
configure:2585: checking for a BSD-compatible install
configure:2653: result: /usr/bin/install -c
configure:2664: checking whether build environment is sane
configure:2714: result: yes
configure:2855: checking for a thread-safe mkdir -p
configure:2894: result: /bin/mkdir -p
configure:2907: checking for gawk
configure:2923: found /usr/bin/gawk
configure:2934: result: gawk
configure:2945: checking whether make sets $(MAKE)
configure:2967: result: yes
configure:3113: checking for g++
configure:3129: found /usr/bin/g++
configure:3140: result: g++
configure:3167: checking for C++ compiler version
configure:3176: g++ --version >&5
g++ (Ubuntu 7.5.0-3ubuntu1~18.04) 7.5.0
Copyright (C) 2017 Free Software Foundation, Inc.
This is free software; see the source for copying conditions.  There is NO
warranty; not even for MERCHANTABILITY or FITNESS FOR A PARTICULAR PURPOSE.

configure:3187: $? = 0
configure:3176: g++ -v >&5
Using built-in specs.
COLLECT_GCC=g++
COLLECT_LTO_WRAPPER=/usr/lib/gcc/x86_64-linux-gnu/7/lto-wrapper
OFFLOAD_TARGET_NAMES=nvptx-none
OFFLOAD_TARGET_DEFAULT=1
Target: x86_64-linux-gnu
Configured with: ../src/configure -v --with-pkgversion='Ubuntu 7.5.0-3ubuntu1~18.04' --with-bugurl=file:///usr/share/doc/gcc-7/README.Bugs --enable-languages=c,ada,c++,go,brig,d,fortran,objc,obj-c++ --prefix=/usr --with-gcc-major-version-only --program-suffix=-7 --program-prefix=x86_64-linux-gnu- --enable-shared --enable-linker-build-id --libexecdir=/usr/lib --without-included-gettext --enable-threads=posix --libdir=/usr/lib --enable-nls --enable-bootstrap --enable-clocale=gnu --enable-libstdcxx-debug --enable-libstdcxx-time=yes --with-default-libstdcxx-abi=new --enable-gnu-unique-object --disable-vtable-verify --enable-libmpx --enable-plugin --enable-default-pie --with-system-zlib --with-target-system-zlib --enable-objc-gc=auto --enable-multiarch --disable-werror --with-arch-32=i686 --with-abi=m64 --with-multilib-list=m32,m64,mx32 --enable-multilib --with-tune=generic --enable-offload-targets=nvptx-none --without-cuda-driver --enable-checking=release --build=x86_64-linux-gnu --host=x86_64-linux-gnu --target=x86_64-linux-gnu
Thread model: posix
gcc version 7.5.0 (Ubuntu 7.5.0-3ubuntu1~18.04) 
configure:3187: $? = 0
configure:3176: g++ -V >&5
g++: error: unrecognized command line option '-V'
g++: fatal error: no input files
compilation terminated.
configure:3187: $? = 1
configure:3176: g++ -qversion >&5
g++: error: unrecognized command line option '-qversion'; did you mean '--version'?
g++: fatal error: no input files
compilation terminated.
configure:3187: $? = 1
configure:3207: checking whether the C++ compiler works
configure:3229: g++    conftest.cpp  >&5
configure:3233: $? = 0
configure:3281: result: yes
configure:3284: checking for C++ compiler default output file name
configure:3286: result: a.out
configure:3292: checking for suffix of executables
configure:3299: g++ -o conftest    conftest.cpp  >&5
configure:3303: $? = 0
configure:3325: result: 
configure:3347: checking whether we are cross compiling
configure:3355: g++ -o conftest    conftest.cpp  >&5
configure:3359: $? = 0
configure:3366: ./conftest
configure:3370: $? = 0
configure:3385: result: no
configure:3390: checking for suffix of object files
configure:3412: g++ -c   conftest.cpp >&5
configure:3416: $? = 0
configure:3437: result: o
configure:3441: checking whether we are using the GNU C++ compiler
configure:3460: g++ -c   conftest.cpp >&5
configure:3460: $? = 0
configure:3469: result: yes
configure:3478: checking whether g++ accepts -g
configure:3498: g++ -c -g  conftest.cpp >&5
configure:3498: $? = 0
configure:3539: result: yes
configure:3573: checking for style of include used by make
configure:3601: result: GNU
configure:3626: checking dependency style of g++
configure:3736: result: gcc3
configure:3799: checking for gcc
configure:3815: found /usr/bin/gcc
configure:3826: result: gcc
configure:4055: checking for C compiler version
configure:4064: gcc --version >&5
gcc (Ubuntu 7.5.0-3ubuntu1~18.04) 7.5.0
Copyright (C) 2017 Free Software Foundation, Inc.
This is free software; see the source for copying conditions.  There is NO
warranty; not even for MERCHANTABILITY or FITNESS FOR A PARTICULAR PURPOSE.

configure:4075: $? = 0
configure:4064: gcc -v >&5
Using built-in specs.
COLLECT_GCC=gcc
COLLECT_LTO_WRAPPER=/usr/lib/gcc/x86_64-linux-gnu/7/lto-wrapper
OFFLOAD_TARGET_NAMES=nvptx-none
OFFLOAD_TARGET_DEFAULT=1
Target: x86_64-linux-gnu
Configured with: ../src/configure -v --with-pkgversion='Ubuntu 7.5.0-3ubuntu1~18.04' --with-bugurl=file:///usr/share/doc/gcc-7/README.Bugs --enable-languages=c,ada,c++,go,brig,d,fortran,objc,obj-c++ --prefix=/usr --with-gcc-major-version-only --program-suffix=-7 --program-prefix=x86_64-linux-gnu- --enable-shared --enable-linker-build-id --libexecdir=/usr/lib --without-included-gettext --enable-threads=posix --libdir=/usr/lib --enable-nls --enable-bootstrap --enable-clocale=gnu --enable-libstdcxx-debug --enable-libstdcxx-time=yes --with-default-libstdcxx-abi=new --enable-gnu-unique-object --disable-vtable-verify --enable-libmpx --enable-plugin --enable-default-pie --with-system-zlib --with-target-system-zlib --enable-objc-gc=auto --enable-multiarch --disable-werror --with-arch-32=i686 --with-abi=m64 --with-multilib-list=m32,m64,mx32 --enable-multilib --with-tune=generic --enable-offload-targets=nvptx-none --without-cuda-driver --enable-checking=release --build=x86_64-linux-gnu --host=x86_64-linux-gnu --target=x86_64-linux-gnu
Thread model: posix
gcc version 7.5.0 (Ubuntu 7.5.0-3ubuntu1~18.04) 
configure:4075: $? = 0
configure:4064: gcc -V >&5
gcc: error: unrecognized command line option '-V'
gcc: fatal error: no input files
compilation terminated.
configure:4075: $? = 1
configure:4064: gcc -qversion >&5
gcc: error: unrecognized command line option '-qversion'; did you mean '--version'?
gcc: fatal error: no input files
compilation terminated.
configure:4075: $? = 1
configure:4079: checking whether we are using the GNU C compiler
configure:4098: gcc -c   conftest.c >&5
configure:4098: $? = 0
configure:4107: result: yes
configure:4116: checking whether gcc accepts -g
configure:4136: gcc -c -g  conftest.c >&5
configure:4136: $? = 0
configure:4177: result: yes
configure:4194: checking for gcc option to accept ISO C89
configure:4257: gcc  -c -g -O2  conftest.c >&5
configure:4257: $? = 0
configure:4270: result: none needed
configure:4292: checking dependency style of gcc
configure:4402: result: gcc3
configure:4420: checking user ID
configure:4422: result: taoo-horizon
configure:4426: checking host name
configure:4428: result: Taoo-Horizon-AI
configure:4432: checking current timestamp
configure:4434: result: Fri Oct 29 19:48:24 CST 2021
configure:4462: checking for dirent.h that defines DIR
configure:4481: gcc -c -g -O2  conftest.c >&5
configure:4481: $? = 0
configure:4489: result: yes
configure:4502: checking for library containing opendir
configure:4533: gcc -o conftest -g -O2   conftest.c  >&5
configure:4533: $? = 0
configure:4550: result: none required
configure:4622: checking how to run the C preprocessor
configure:4653: gcc -E  conftest.c
configure:4653: $? = 0
configure:4667: gcc -E  conftest.c
conftest.c:15:10: fatal error: ac_nonexistent.h: No such file or directory
 #include <ac_nonexistent.h>
          ^~~~~~~~~~~~~~~~~~
compilation terminated.
configure:4667: $? = 1
configure: failed program was:
| /* confdefs.h */
| #define PACKAGE_NAME "stressapptest"
| #define PACKAGE_TARNAME "stressapptest"
| #define PACKAGE_VERSION "1.0.9_autoconf"
| #define PACKAGE_STRING "stressapptest 1.0.9_autoconf"
| #define PACKAGE_BUGREPORT "opensource@google.com"
| #define PACKAGE_URL ""
| #define STRESSAPPTEST_CPU_X86_64 /**/
| #define STRESSAPPTEST_OS_LINUX /**/
| #define PACKAGE "stressapptest"
| #define VERSION "1.0.9_autoconf"
| #define STRESSAPPTEST_TIMESTAMP "taoo-horizon @ Taoo-Horizon-AI on Fri Oct 29 19:48:24 CST 2021"
| #define HAVE_DIRENT_H 1
| /* end confdefs.h.  */
| #include <ac_nonexistent.h>
configure:4692: result: gcc -E
configure:4712: gcc -E  conftest.c
configure:4712: $? = 0
configure:4726: gcc -E  conftest.c
conftest.c:15:10: fatal error: ac_nonexistent.h: No such file or directory
 #include <ac_nonexistent.h>
          ^~~~~~~~~~~~~~~~~~
compilation terminated.
configure:4726: $? = 1
configure: failed program was:
| /* confdefs.h */
| #define PACKAGE_NAME "stressapptest"
| #define PACKAGE_TARNAME "stressapptest"
| #define PACKAGE_VERSION "1.0.9_autoconf"
| #define PACKAGE_STRING "stressapptest 1.0.9_autoconf"
| #define PACKAGE_BUGREPORT "opensource@google.com"
| #define PACKAGE_URL ""
| #define STRESSAPPTEST_CPU_X86_64 /**/
| #define STRESSAPPTEST_OS_LINUX /**/
| #define PACKAGE "stressapptest"
| #define VERSION "1.0.9_autoconf"
| #define STRESSAPPTEST_TIMESTAMP "taoo-horizon @ Taoo-Horizon-AI on Fri Oct 29 19:48:24 CST 2021"
| #define HAVE_DIRENT_H 1
| /* end confdefs.h.  */
| #include <ac_nonexistent.h>
configure:4755: checking for grep that handles long lines and -e
configure:4813: result: /bin/grep
configure:4818: checking for egrep
configure:4880: result: /bin/grep -E
configure:4885: checking for ANSI C header files
configure:4905: gcc -c -g -O2  conftest.c >&5
configure:4905: $? = 0
configure:4978: gcc -o conftest -g -O2   conftest.c  >&5
configure:4978: $? = 0
configure:4978: ./conftest
configure:4978: $? = 0
configure:4989: result: yes
configure:5003: checking for sys/types.h
configure:5003: gcc -c -g -O2  conftest.c >&5
configure:5003: $? = 0
configure:5003: result: yes
configure:5003: checking for sys/stat.h
configure:5003: gcc -c -g -O2  conftest.c >&5
configure:5003: $? = 0
configure:5003: result: yes
configure:5003: checking for stdlib.h
configure:5003: gcc -c -g -O2  conftest.c >&5
configure:5003: $? = 0
configure:5003: result: yes
configure:5003: checking for string.h
configure:5003: gcc -c -g -O2  conftest.c >&5
configure:5003: $? = 0
configure:5003: result: yes
configure:5003: checking for memory.h
configure:5003: gcc -c -g -O2  conftest.c >&5
configure:5003: $? = 0
configure:5003: result: yes
configure:5003: checking for strings.h
configure:5003: gcc -c -g -O2  conftest.c >&5
configure:5003: $? = 0
configure:5003: result: yes
configure:5003: checking for inttypes.h
configure:5003: gcc -c -g -O2  conftest.c >&5
configure:5003: $? = 0
configure:5003: result: yes
configure:5003: checking for stdint.h
configure:5003: gcc -c -g -O2  conftest.c >&5
configure:5003: $? = 0
configure:5003: result: yes
configure:5003: checking for unistd.h
configure:5003: gcc -c -g -O2  conftest.c >&5
configure:5003: $? = 0
configure:5003: result: yes
configure:5018: checking arpa/inet.h usability
configure:5018: gcc -c -g -O2  conftest.c >&5
configure:5018: $? = 0
configure:5018: result: yes
configure:5018: checking arpa/inet.h presence
configure:5018: gcc -E  conftest.c
configure:5018: $? = 0
configure:5018: result: yes
configure:5018: checking for arpa/inet.h
configure:5018: result: yes
configure:5018: checking fcntl.h usability
configure:5018: gcc -c -g -O2  conftest.c >&5
configure:5018: $? = 0
configure:5018: result: yes
configure:5018: checking fcntl.h presence
configure:5018: gcc -E  conftest.c
configure:5018: $? = 0
configure:5018: result: yes
configure:5018: checking for fcntl.h
configure:5018: result: yes
configure:5018: checking netdb.h usability
configure:5018: gcc -c -g -O2  conftest.c >&5
configure:5018: $? = 0
configure:5018: result: yes
configure:5018: checking netdb.h presence
configure:5018: gcc -E  conftest.c
configure:5018: $? = 0
configure:5018: result: yes
configure:5018: checking for netdb.h
configure:5018: result: yes
configure:5018: checking for stdint.h
configure:5018: result: yes
configure:5018: checking for stdlib.h
configure:5018: result: yes
configure:5018: checking for string.h
configure:5018: result: yes
configure:5018: checking sys/ioctl.h usability
configure:5018: gcc -c -g -O2  conftest.c >&5
configure:5018: $? = 0
configure:5018: result: yes
configure:5018: checking sys/ioctl.h presence
configure:5018: gcc -E  conftest.c
configure:5018: $? = 0
configure:5018: result: yes
configure:5018: checking for sys/ioctl.h
configure:5018: result: yes
configure:5018: checking sys/socket.h usability
configure:5018: gcc -c -g -O2  conftest.c >&5
configure:5018: $? = 0
configure:5018: result: yes
configure:5018: checking sys/socket.h presence
configure:5018: gcc -E  conftest.c
configure:5018: $? = 0
configure:5018: result: yes
configure:5018: checking for sys/socket.h
configure:5018: result: yes
configure:5018: checking sys/time.h usability
configure:5018: gcc -c -g -O2  conftest.c >&5
configure:5018: $? = 0
configure:5018: result: yes
configure:5018: checking sys/time.h presence
configure:5018: gcc -E  conftest.c
configure:5018: $? = 0
configure:5018: result: yes
configure:5018: checking for sys/time.h
configure:5018: result: yes
configure:5018: checking for unistd.h
configure:5018: result: yes
configure:5035: checking pthread.h usability
configure:5035: gcc -c -g -O2  conftest.c >&5
configure:5035: $? = 0
configure:5035: result: yes
configure:5035: checking pthread.h presence
configure:5035: gcc -E  conftest.c
configure:5035: $? = 0
configure:5035: result: yes
configure:5035: checking for pthread.h
configure:5035: result: yes
configure:5045: checking for library containing pthread_create
configure:5076: gcc -o conftest -g -O2   conftest.c  >&5
/tmp/ccTQhXnp.o: In function `main':
/home/taoo-horizon/Horizon/Tool_Test/stressapptest/conftest.c:47: undefined reference to `pthread_create'
collect2: error: ld returned 1 exit status
configure:5076: $? = 1
configure: failed program was:
| /* confdefs.h */
| #define PACKAGE_NAME "stressapptest"
| #define PACKAGE_TARNAME "stressapptest"
| #define PACKAGE_VERSION "1.0.9_autoconf"
| #define PACKAGE_STRING "stressapptest 1.0.9_autoconf"
| #define PACKAGE_BUGREPORT "opensource@google.com"
| #define PACKAGE_URL ""
| #define STRESSAPPTEST_CPU_X86_64 /**/
| #define STRESSAPPTEST_OS_LINUX /**/
| #define PACKAGE "stressapptest"
| #define VERSION "1.0.9_autoconf"
| #define STRESSAPPTEST_TIMESTAMP "taoo-horizon @ Taoo-Horizon-AI on Fri Oct 29 19:48:24 CST 2021"
| #define HAVE_DIRENT_H 1
| #define STDC_HEADERS 1
| #define HAVE_SYS_TYPES_H 1
| #define HAVE_SYS_STAT_H 1
| #define HAVE_STDLIB_H 1
| #define HAVE_STRING_H 1
| #define HAVE_MEMORY_H 1
| #define HAVE_STRINGS_H 1
| #define HAVE_INTTYPES_H 1
| #define HAVE_STDINT_H 1
| #define HAVE_UNISTD_H 1
| #define HAVE_ARPA_INET_H 1
| #define HAVE_FCNTL_H 1
| #define HAVE_NETDB_H 1
| #define HAVE_STDINT_H 1
| #define HAVE_STDLIB_H 1
| #define HAVE_STRING_H 1
| #define HAVE_SYS_IOCTL_H 1
| #define HAVE_SYS_SOCKET_H 1
| #define HAVE_SYS_TIME_H 1
| #define HAVE_UNISTD_H 1
| #define HAVE_PTHREAD_H 1
| /* end confdefs.h.  */
| 
| /* Override any GCC internal prototype to avoid an error.
|    Use char because int might match the return type of a GCC
|    builtin and then its argument prototype would still apply.  */
| #ifdef __cplusplus
| extern "C"
| #endif
| char pthread_create ();
| int
| main ()
| {
| return pthread_create ();
|   ;
|   return 0;
| }
configure:5076: gcc -o conftest -g -O2   conftest.c -lpthread   >&5
configure:5076: $? = 0
configure:5093: result: -lpthread
configure:5101: checking for pthread_barrier_t
configure:5101: gcc -c -g -O2  conftest.c >&5
configure:5101: $? = 0
configure:5101: gcc -c -g -O2  conftest.c >&5
conftest.c: In function 'main':
conftest.c:72:32: error: expected expression before ')' token
 if (sizeof ((pthread_barrier_t)))
                                ^
configure:5101: $? = 1
configure: failed program was:
| /* confdefs.h */
| #define PACKAGE_NAME "stressapptest"
| #define PACKAGE_TARNAME "stressapptest"
| #define PACKAGE_VERSION "1.0.9_autoconf"
| #define PACKAGE_STRING "stressapptest 1.0.9_autoconf"
| #define PACKAGE_BUGREPORT "opensource@google.com"
| #define PACKAGE_URL ""
| #define STRESSAPPTEST_CPU_X86_64 /**/
| #define STRESSAPPTEST_OS_LINUX /**/
| #define PACKAGE "stressapptest"
| #define VERSION "1.0.9_autoconf"
| #define STRESSAPPTEST_TIMESTAMP "taoo-horizon @ Taoo-Horizon-AI on Fri Oct 29 19:48:24 CST 2021"
| #define HAVE_DIRENT_H 1
| #define STDC_HEADERS 1
| #define HAVE_SYS_TYPES_H 1
| #define HAVE_SYS_STAT_H 1
| #define HAVE_STDLIB_H 1
| #define HAVE_STRING_H 1
| #define HAVE_MEMORY_H 1
| #define HAVE_STRINGS_H 1
| #define HAVE_INTTYPES_H 1
| #define HAVE_STDINT_H 1
| #define HAVE_UNISTD_H 1
| #define HAVE_ARPA_INET_H 1
| #define HAVE_FCNTL_H 1
| #define HAVE_NETDB_H 1
| #define HAVE_STDINT_H 1
| #define HAVE_STDLIB_H 1
| #define HAVE_STRING_H 1
| #define HAVE_SYS_IOCTL_H 1
| #define HAVE_SYS_SOCKET_H 1
| #define HAVE_SYS_TIME_H 1
| #define HAVE_UNISTD_H 1
| #define HAVE_PTHREAD_H 1
| /* end confdefs.h.  */
| #include <stdio.h>
| #ifdef HAVE_SYS_TYPES_H
| # include <sys/types.h>
| #endif
| #ifdef HAVE_SYS_STAT_H
| # include <sys/stat.h>
| #endif
| #ifdef STDC_HEADERS
| # include <stdlib.h>
| # include <stddef.h>
| #else
| # ifdef HAVE_STDLIB_H
| #  include <stdlib.h>
| # endif
| #endif
| #ifdef HAVE_STRING_H
| # if !defined STDC_HEADERS && defined HAVE_MEMORY_H
| #  include <memory.h>
| # endif
| # include <string.h>
| #endif
| #ifdef HAVE_STRINGS_H
| # include <strings.h>
| #endif
| #ifdef HAVE_INTTYPES_H
| # include <inttypes.h>
| #endif
| #ifdef HAVE_STDINT_H
| # include <stdint.h>
| #endif
| #ifdef HAVE_UNISTD_H
| # include <unistd.h>
| #endif
| int
| main ()
| {
| if (sizeof ((pthread_barrier_t)))
| 	    return 0;
|   ;
|   return 0;
| }
configure:5101: result: yes
configure:5110: checking libaio.h usability
configure:5110: gcc -c -g -O2  conftest.c >&5
conftest.c:70:10: fatal error: libaio.h: No such file or directory
 #include <libaio.h>
          ^~~~~~~~~~
compilation terminated.
configure:5110: $? = 1
configure: failed program was:
| /* confdefs.h */
| #define PACKAGE_NAME "stressapptest"
| #define PACKAGE_TARNAME "stressapptest"
| #define PACKAGE_VERSION "1.0.9_autoconf"
| #define PACKAGE_STRING "stressapptest 1.0.9_autoconf"
| #define PACKAGE_BUGREPORT "opensource@google.com"
| #define PACKAGE_URL ""
| #define STRESSAPPTEST_CPU_X86_64 /**/
| #define STRESSAPPTEST_OS_LINUX /**/
| #define PACKAGE "stressapptest"
| #define VERSION "1.0.9_autoconf"
| #define STRESSAPPTEST_TIMESTAMP "taoo-horizon @ Taoo-Horizon-AI on Fri Oct 29 19:48:24 CST 2021"
| #define HAVE_DIRENT_H 1
| #define STDC_HEADERS 1
| #define HAVE_SYS_TYPES_H 1
| #define HAVE_SYS_STAT_H 1
| #define HAVE_STDLIB_H 1
| #define HAVE_STRING_H 1
| #define HAVE_MEMORY_H 1
| #define HAVE_STRINGS_H 1
| #define HAVE_INTTYPES_H 1
| #define HAVE_STDINT_H 1
| #define HAVE_UNISTD_H 1
| #define HAVE_ARPA_INET_H 1
| #define HAVE_FCNTL_H 1
| #define HAVE_NETDB_H 1
| #define HAVE_STDINT_H 1
| #define HAVE_STDLIB_H 1
| #define HAVE_STRING_H 1
| #define HAVE_SYS_IOCTL_H 1
| #define HAVE_SYS_SOCKET_H 1
| #define HAVE_SYS_TIME_H 1
| #define HAVE_UNISTD_H 1
| #define HAVE_PTHREAD_H 1
| #define HAVE_PTHREAD_BARRIERS 1
| /* end confdefs.h.  */
| #include <stdio.h>
| #ifdef HAVE_SYS_TYPES_H
| # include <sys/types.h>
| #endif
| #ifdef HAVE_SYS_STAT_H
| # include <sys/stat.h>
| #endif
| #ifdef STDC_HEADERS
| # include <stdlib.h>
| # include <stddef.h>
| #else
| # ifdef HAVE_STDLIB_H
| #  include <stdlib.h>
| # endif
| #endif
| #ifdef HAVE_STRING_H
| # if !defined STDC_HEADERS && defined HAVE_MEMORY_H
| #  include <memory.h>
| # endif
| # include <string.h>
| #endif
| #ifdef HAVE_STRINGS_H
| # include <strings.h>
| #endif
| #ifdef HAVE_INTTYPES_H
| # include <inttypes.h>
| #endif
| #ifdef HAVE_STDINT_H
| # include <stdint.h>
| #endif
| #ifdef HAVE_UNISTD_H
| # include <unistd.h>
| #endif
| #include <libaio.h>
configure:5110: result: no
configure:5110: checking libaio.h presence
configure:5110: gcc -E  conftest.c
conftest.c:37:10: fatal error: libaio.h: No such file or directory
 #include <libaio.h>
          ^~~~~~~~~~
compilation terminated.
configure:5110: $? = 1
configure: failed program was:
| /* confdefs.h */
| #define PACKAGE_NAME "stressapptest"
| #define PACKAGE_TARNAME "stressapptest"
| #define PACKAGE_VERSION "1.0.9_autoconf"
| #define PACKAGE_STRING "stressapptest 1.0.9_autoconf"
| #define PACKAGE_BUGREPORT "opensource@google.com"
| #define PACKAGE_URL ""
| #define STRESSAPPTEST_CPU_X86_64 /**/
| #define STRESSAPPTEST_OS_LINUX /**/
| #define PACKAGE "stressapptest"
| #define VERSION "1.0.9_autoconf"
| #define STRESSAPPTEST_TIMESTAMP "taoo-horizon @ Taoo-Horizon-AI on Fri Oct 29 19:48:24 CST 2021"
| #define HAVE_DIRENT_H 1
| #define STDC_HEADERS 1
| #define HAVE_SYS_TYPES_H 1
| #define HAVE_SYS_STAT_H 1
| #define HAVE_STDLIB_H 1
| #define HAVE_STRING_H 1
| #define HAVE_MEMORY_H 1
| #define HAVE_STRINGS_H 1
| #define HAVE_INTTYPES_H 1
| #define HAVE_STDINT_H 1
| #define HAVE_UNISTD_H 1
| #define HAVE_ARPA_INET_H 1
| #define HAVE_FCNTL_H 1
| #define HAVE_NETDB_H 1
| #define HAVE_STDINT_H 1
| #define HAVE_STDLIB_H 1
| #define HAVE_STRING_H 1
| #define HAVE_SYS_IOCTL_H 1
| #define HAVE_SYS_SOCKET_H 1
| #define HAVE_SYS_TIME_H 1
| #define HAVE_UNISTD_H 1
| #define HAVE_PTHREAD_H 1
| #define HAVE_PTHREAD_BARRIERS 1
| /* end confdefs.h.  */
| #include <libaio.h>
configure:5110: result: no
configure:5110: checking for libaio.h
configure:5110: result: no
configure:5120: checking for library containing io_setup
configure:5151: gcc -o conftest -g -O2   conftest.c -lpthread  >&5
/tmp/ccH7qBLF.o: In function `main':
/home/taoo-horizon/Horizon/Tool_Test/stressapptest/conftest.c:48: undefined reference to `io_setup'
collect2: error: ld returned 1 exit status
configure:5151: $? = 1
configure: failed program was:
| /* confdefs.h */
| #define PACKAGE_NAME "stressapptest"
| #define PACKAGE_TARNAME "stressapptest"
| #define PACKAGE_VERSION "1.0.9_autoconf"
| #define PACKAGE_STRING "stressapptest 1.0.9_autoconf"
| #define PACKAGE_BUGREPORT "opensource@google.com"
| #define PACKAGE_URL ""
| #define STRESSAPPTEST_CPU_X86_64 /**/
| #define STRESSAPPTEST_OS_LINUX /**/
| #define PACKAGE "stressapptest"
| #define VERSION "1.0.9_autoconf"
| #define STRESSAPPTEST_TIMESTAMP "taoo-horizon @ Taoo-Horizon-AI on Fri Oct 29 19:48:24 CST 2021"
| #define HAVE_DIRENT_H 1
| #define STDC_HEADERS 1
| #define HAVE_SYS_TYPES_H 1
| #define HAVE_SYS_STAT_H 1
| #define HAVE_STDLIB_H 1
| #define HAVE_STRING_H 1
| #define HAVE_MEMORY_H 1
| #define HAVE_STRINGS_H 1
| #define HAVE_INTTYPES_H 1
| #define HAVE_STDINT_H 1
| #define HAVE_UNISTD_H 1
| #define HAVE_ARPA_INET_H 1
| #define HAVE_FCNTL_H 1
| #define HAVE_NETDB_H 1
| #define HAVE_STDINT_H 1
| #define HAVE_STDLIB_H 1
| #define HAVE_STRING_H 1
| #define HAVE_SYS_IOCTL_H 1
| #define HAVE_SYS_SOCKET_H 1
| #define HAVE_SYS_TIME_H 1
| #define HAVE_UNISTD_H 1
| #define HAVE_PTHREAD_H 1
| #define HAVE_PTHREAD_BARRIERS 1
| /* end confdefs.h.  */
| 
| /* Override any GCC internal prototype to avoid an error.
|    Use char because int might match the return type of a GCC
|    builtin and then its argument prototype would still apply.  */
| #ifdef __cplusplus
| extern "C"
| #endif
| char io_setup ();
| int
| main ()
| {
| return io_setup ();
|   ;
|   return 0;
| }
configure:5151: gcc -o conftest -g -O2   conftest.c -laio  -lpthread  >&5
/usr/bin/ld: cannot find -laio
collect2: error: ld returned 1 exit status
configure:5151: $? = 1
configure: failed program was:
| /* confdefs.h */
| #define PACKAGE_NAME "stressapptest"
| #define PACKAGE_TARNAME "stressapptest"
| #define PACKAGE_VERSION "1.0.9_autoconf"
| #define PACKAGE_STRING "stressapptest 1.0.9_autoconf"
| #define PACKAGE_BUGREPORT "opensource@google.com"
| #define PACKAGE_URL ""
| #define STRESSAPPTEST_CPU_X86_64 /**/
| #define STRESSAPPTEST_OS_LINUX /**/
| #define PACKAGE "stressapptest"
| #define VERSION "1.0.9_autoconf"
| #define STRESSAPPTEST_TIMESTAMP "taoo-horizon @ Taoo-Horizon-AI on Fri Oct 29 19:48:24 CST 2021"
| #define HAVE_DIRENT_H 1
| #define STDC_HEADERS 1
| #define HAVE_SYS_TYPES_H 1
| #define HAVE_SYS_STAT_H 1
| #define HAVE_STDLIB_H 1
| #define HAVE_STRING_H 1
| #define HAVE_MEMORY_H 1
| #define HAVE_STRINGS_H 1
| #define HAVE_INTTYPES_H 1
| #define HAVE_STDINT_H 1
| #define HAVE_UNISTD_H 1
| #define HAVE_ARPA_INET_H 1
| #define HAVE_FCNTL_H 1
| #define HAVE_NETDB_H 1
| #define HAVE_STDINT_H 1
| #define HAVE_STDLIB_H 1
| #define HAVE_STRING_H 1
| #define HAVE_SYS_IOCTL_H 1
| #define HAVE_SYS_SOCKET_H 1
| #define HAVE_SYS_TIME_H 1
| #define HAVE_UNISTD_H 1
| #define HAVE_PTHREAD_H 1
| #define HAVE_PTHREAD_BARRIERS 1
| /* end confdefs.h.  */
| 
| /* Override any GCC internal prototype to avoid an error.
|    Use char because int might match the return type of a GCC
|    builtin and then its argument prototype would still apply.  */
| #ifdef __cplusplus
| extern "C"
| #endif
| char io_setup ();
| int
| main ()
| {
| return io_setup ();
|   ;
|   return 0;
| }
configure:5168: result: no
configure:5178: checking sys/shm.h usability
configure:5178: gcc -c -g -O2  conftest.c >&5
configure:5178: $? = 0
configure:5178: result: yes
configure:5178: checking sys/shm.h presence
configure:5178: gcc -E  conftest.c
configure:5178: $? = 0
configure:5178: result: yes
configure:5178: checking for sys/shm.h
configure:5178: result: yes
configure:5188: checking for library containing shm_open
configure:5219: gcc -o conftest -g -O2   conftest.c -lpthread  >&5
/tmp/cciBACfU.o: In function `main':
/home/taoo-horizon/Horizon/Tool_Test/stressapptest/conftest.c:49: undefined reference to `shm_open'
collect2: error: ld returned 1 exit status
configure:5219: $? = 1
configure: failed program was:
| /* confdefs.h */
| #define PACKAGE_NAME "stressapptest"
| #define PACKAGE_TARNAME "stressapptest"
| #define PACKAGE_VERSION "1.0.9_autoconf"
| #define PACKAGE_STRING "stressapptest 1.0.9_autoconf"
| #define PACKAGE_BUGREPORT "opensource@google.com"
| #define PACKAGE_URL ""
| #define STRESSAPPTEST_CPU_X86_64 /**/
| #define STRESSAPPTEST_OS_LINUX /**/
| #define PACKAGE "stressapptest"
| #define VERSION "1.0.9_autoconf"
| #define STRESSAPPTEST_TIMESTAMP "taoo-horizon @ Taoo-Horizon-AI on Fri Oct 29 19:48:24 CST 2021"
| #define HAVE_DIRENT_H 1
| #define STDC_HEADERS 1
| #define HAVE_SYS_TYPES_H 1
| #define HAVE_SYS_STAT_H 1
| #define HAVE_STDLIB_H 1
| #define HAVE_STRING_H 1
| #define HAVE_MEMORY_H 1
| #define HAVE_STRINGS_H 1
| #define HAVE_INTTYPES_H 1
| #define HAVE_STDINT_H 1
| #define HAVE_UNISTD_H 1
| #define HAVE_ARPA_INET_H 1
| #define HAVE_FCNTL_H 1
| #define HAVE_NETDB_H 1
| #define HAVE_STDINT_H 1
| #define HAVE_STDLIB_H 1
| #define HAVE_STRING_H 1
| #define HAVE_SYS_IOCTL_H 1
| #define HAVE_SYS_SOCKET_H 1
| #define HAVE_SYS_TIME_H 1
| #define HAVE_UNISTD_H 1
| #define HAVE_PTHREAD_H 1
| #define HAVE_PTHREAD_BARRIERS 1
| #define HAVE_SYS_SHM_H 1
| /* end confdefs.h.  */
| 
| /* Override any GCC internal prototype to avoid an error.
|    Use char because int might match the return type of a GCC
|    builtin and then its argument prototype would still apply.  */
| #ifdef __cplusplus
| extern "C"
| #endif
| char shm_open ();
| int
| main ()
| {
| return shm_open ();
|   ;
|   return 0;
| }
configure:5219: gcc -o conftest -g -O2   conftest.c -lrt  -lpthread  >&5
configure:5219: $? = 0
configure:5236: result: -lrt
configure:5247: checking for stdbool.h that conforms to C99
configure:5314: gcc -c -g -O2  conftest.c >&5
configure:5314: $? = 0
configure:5321: result: yes
configure:5323: checking for _Bool
configure:5323: gcc -c -g -O2  conftest.c >&5
configure:5323: $? = 0
configure:5323: gcc -c -g -O2  conftest.c >&5
conftest.c: In function 'main':
conftest.c:74:20: error: expected expression before ')' token
 if (sizeof ((_Bool)))
                    ^
configure:5323: $? = 1
configure: failed program was:
| /* confdefs.h */
| #define PACKAGE_NAME "stressapptest"
| #define PACKAGE_TARNAME "stressapptest"
| #define PACKAGE_VERSION "1.0.9_autoconf"
| #define PACKAGE_STRING "stressapptest 1.0.9_autoconf"
| #define PACKAGE_BUGREPORT "opensource@google.com"
| #define PACKAGE_URL ""
| #define STRESSAPPTEST_CPU_X86_64 /**/
| #define STRESSAPPTEST_OS_LINUX /**/
| #define PACKAGE "stressapptest"
| #define VERSION "1.0.9_autoconf"
| #define STRESSAPPTEST_TIMESTAMP "taoo-horizon @ Taoo-Horizon-AI on Fri Oct 29 19:48:24 CST 2021"
| #define HAVE_DIRENT_H 1
| #define STDC_HEADERS 1
| #define HAVE_SYS_TYPES_H 1
| #define HAVE_SYS_STAT_H 1
| #define HAVE_STDLIB_H 1
| #define HAVE_STRING_H 1
| #define HAVE_MEMORY_H 1
| #define HAVE_STRINGS_H 1
| #define HAVE_INTTYPES_H 1
| #define HAVE_STDINT_H 1
| #define HAVE_UNISTD_H 1
| #define HAVE_ARPA_INET_H 1
| #define HAVE_FCNTL_H 1
| #define HAVE_NETDB_H 1
| #define HAVE_STDINT_H 1
| #define HAVE_STDLIB_H 1
| #define HAVE_STRING_H 1
| #define HAVE_SYS_IOCTL_H 1
| #define HAVE_SYS_SOCKET_H 1
| #define HAVE_SYS_TIME_H 1
| #define HAVE_UNISTD_H 1
| #define HAVE_PTHREAD_H 1
| #define HAVE_PTHREAD_BARRIERS 1
| #define HAVE_SYS_SHM_H 1
| /* end confdefs.h.  */
| #include <stdio.h>
| #ifdef HAVE_SYS_TYPES_H
| # include <sys/types.h>
| #endif
| #ifdef HAVE_SYS_STAT_H
| # include <sys/stat.h>
| #endif
| #ifdef STDC_HEADERS
| # include <stdlib.h>
| # include <stddef.h>
| #else
| # ifdef HAVE_STDLIB_H
| #  include <stdlib.h>
| # endif
| #endif
| #ifdef HAVE_STRING_H
| # if !defined STDC_HEADERS && defined HAVE_MEMORY_H
| #  include <memory.h>
| # endif
| # include <string.h>
| #endif
| #ifdef HAVE_STRINGS_H
| # include <strings.h>
| #endif
| #ifdef HAVE_INTTYPES_H
| # include <inttypes.h>
| #endif
| #ifdef HAVE_STDINT_H
| # include <stdint.h>
| #endif
| #ifdef HAVE_UNISTD_H
| # include <unistd.h>
| #endif
| int
| main ()
| {
| if (sizeof ((_Bool)))
| 	    return 0;
|   ;
|   return 0;
| }
configure:5323: result: yes
configure:5340: checking for an ANSI C-conforming const
configure:5406: gcc -c -g -O2  conftest.c >&5
configure:5406: $? = 0
configure:5413: result: yes
configure:5421: checking for inline
configure:5437: gcc -c -g -O2  conftest.c >&5
configure:5437: $? = 0
configure:5445: result: inline
configure:5463: checking for pid_t
configure:5463: gcc -c -g -O2  conftest.c >&5
configure:5463: $? = 0
configure:5463: gcc -c -g -O2  conftest.c >&5
conftest.c: In function 'main':
conftest.c:76:20: error: expected expression before ')' token
 if (sizeof ((pid_t)))
                    ^
configure:5463: $? = 1
configure: failed program was:
| /* confdefs.h */
| #define PACKAGE_NAME "stressapptest"
| #define PACKAGE_TARNAME "stressapptest"
| #define PACKAGE_VERSION "1.0.9_autoconf"
| #define PACKAGE_STRING "stressapptest 1.0.9_autoconf"
| #define PACKAGE_BUGREPORT "opensource@google.com"
| #define PACKAGE_URL ""
| #define STRESSAPPTEST_CPU_X86_64 /**/
| #define STRESSAPPTEST_OS_LINUX /**/
| #define PACKAGE "stressapptest"
| #define VERSION "1.0.9_autoconf"
| #define STRESSAPPTEST_TIMESTAMP "taoo-horizon @ Taoo-Horizon-AI on Fri Oct 29 19:48:24 CST 2021"
| #define HAVE_DIRENT_H 1
| #define STDC_HEADERS 1
| #define HAVE_SYS_TYPES_H 1
| #define HAVE_SYS_STAT_H 1
| #define HAVE_STDLIB_H 1
| #define HAVE_STRING_H 1
| #define HAVE_MEMORY_H 1
| #define HAVE_STRINGS_H 1
| #define HAVE_INTTYPES_H 1
| #define HAVE_STDINT_H 1
| #define HAVE_UNISTD_H 1
| #define HAVE_ARPA_INET_H 1
| #define HAVE_FCNTL_H 1
| #define HAVE_NETDB_H 1
| #define HAVE_STDINT_H 1
| #define HAVE_STDLIB_H 1
| #define HAVE_STRING_H 1
| #define HAVE_SYS_IOCTL_H 1
| #define HAVE_SYS_SOCKET_H 1
| #define HAVE_SYS_TIME_H 1
| #define HAVE_UNISTD_H 1
| #define HAVE_PTHREAD_H 1
| #define HAVE_PTHREAD_BARRIERS 1
| #define HAVE_SYS_SHM_H 1
| #define HAVE__BOOL 1
| #define HAVE_STDBOOL_H 1
| /* end confdefs.h.  */
| #include <stdio.h>
| #ifdef HAVE_SYS_TYPES_H
| # include <sys/types.h>
| #endif
| #ifdef HAVE_SYS_STAT_H
| # include <sys/stat.h>
| #endif
| #ifdef STDC_HEADERS
| # include <stdlib.h>
| # include <stddef.h>
| #else
| # ifdef HAVE_STDLIB_H
| #  include <stdlib.h>
| # endif
| #endif
| #ifdef HAVE_STRING_H
| # if !defined STDC_HEADERS && defined HAVE_MEMORY_H
| #  include <memory.h>
| # endif
| # include <string.h>
| #endif
| #ifdef HAVE_STRINGS_H
| # include <strings.h>
| #endif
| #ifdef HAVE_INTTYPES_H
| # include <inttypes.h>
| #endif
| #ifdef HAVE_STDINT_H
| # include <stdint.h>
| #endif
| #ifdef HAVE_UNISTD_H
| # include <unistd.h>
| #endif
| int
| main ()
| {
| if (sizeof ((pid_t)))
| 	    return 0;
|   ;
|   return 0;
| }
configure:5463: result: yes
configure:5474: checking for C/C++ restrict keyword
configure:5499: gcc -c -g -O2  conftest.c >&5
configure:5499: $? = 0
configure:5507: result: __restrict
configure:5520: checking for size_t
configure:5520: gcc -c -g -O2  conftest.c >&5
configure:5520: $? = 0
configure:5520: gcc -c -g -O2  conftest.c >&5
conftest.c: In function 'main':
conftest.c:77:21: error: expected expression before ')' token
 if (sizeof ((size_t)))
                     ^
configure:5520: $? = 1
configure: failed program was:
| /* confdefs.h */
| #define PACKAGE_NAME "stressapptest"
| #define PACKAGE_TARNAME "stressapptest"
| #define PACKAGE_VERSION "1.0.9_autoconf"
| #define PACKAGE_STRING "stressapptest 1.0.9_autoconf"
| #define PACKAGE_BUGREPORT "opensource@google.com"
| #define PACKAGE_URL ""
| #define STRESSAPPTEST_CPU_X86_64 /**/
| #define STRESSAPPTEST_OS_LINUX /**/
| #define PACKAGE "stressapptest"
| #define VERSION "1.0.9_autoconf"
| #define STRESSAPPTEST_TIMESTAMP "taoo-horizon @ Taoo-Horizon-AI on Fri Oct 29 19:48:24 CST 2021"
| #define HAVE_DIRENT_H 1
| #define STDC_HEADERS 1
| #define HAVE_SYS_TYPES_H 1
| #define HAVE_SYS_STAT_H 1
| #define HAVE_STDLIB_H 1
| #define HAVE_STRING_H 1
| #define HAVE_MEMORY_H 1
| #define HAVE_STRINGS_H 1
| #define HAVE_INTTYPES_H 1
| #define HAVE_STDINT_H 1
| #define HAVE_UNISTD_H 1
| #define HAVE_ARPA_INET_H 1
| #define HAVE_FCNTL_H 1
| #define HAVE_NETDB_H 1
| #define HAVE_STDINT_H 1
| #define HAVE_STDLIB_H 1
| #define HAVE_STRING_H 1
| #define HAVE_SYS_IOCTL_H 1
| #define HAVE_SYS_SOCKET_H 1
| #define HAVE_SYS_TIME_H 1
| #define HAVE_UNISTD_H 1
| #define HAVE_PTHREAD_H 1
| #define HAVE_PTHREAD_BARRIERS 1
| #define HAVE_SYS_SHM_H 1
| #define HAVE__BOOL 1
| #define HAVE_STDBOOL_H 1
| #define restrict __restrict
| /* end confdefs.h.  */
| #include <stdio.h>
| #ifdef HAVE_SYS_TYPES_H
| # include <sys/types.h>
| #endif
| #ifdef HAVE_SYS_STAT_H
| # include <sys/stat.h>
| #endif
| #ifdef STDC_HEADERS
| # include <stdlib.h>
| # include <stddef.h>
| #else
| # ifdef HAVE_STDLIB_H
| #  include <stdlib.h>
| # endif
| #endif
| #ifdef HAVE_STRING_H
| # if !defined STDC_HEADERS && defined HAVE_MEMORY_H
| #  include <memory.h>
| # endif
| # include <string.h>
| #endif
| #ifdef HAVE_STRINGS_H
| # include <strings.h>
| #endif
| #ifdef HAVE_INTTYPES_H
| # include <inttypes.h>
| #endif
| #ifdef HAVE_STDINT_H
| # include <stdint.h>
| #endif
| #ifdef HAVE_UNISTD_H
| # include <unistd.h>
| #endif
| int
| main ()
| {
| if (sizeof ((size_t)))
| 	    return 0;
|   ;
|   return 0;
| }
configure:5520: result: yes
configure:5531: checking for ssize_t
configure:5531: gcc -c -g -O2  conftest.c >&5
configure:5531: $? = 0
configure:5531: gcc -c -g -O2  conftest.c >&5
conftest.c: In function 'main':
conftest.c:77:22: error: expected expression before ')' token
 if (sizeof ((ssize_t)))
                      ^
configure:5531: $? = 1
configure: failed program was:
| /* confdefs.h */
| #define PACKAGE_NAME "stressapptest"
| #define PACKAGE_TARNAME "stressapptest"
| #define PACKAGE_VERSION "1.0.9_autoconf"
| #define PACKAGE_STRING "stressapptest 1.0.9_autoconf"
| #define PACKAGE_BUGREPORT "opensource@google.com"
| #define PACKAGE_URL ""
| #define STRESSAPPTEST_CPU_X86_64 /**/
| #define STRESSAPPTEST_OS_LINUX /**/
| #define PACKAGE "stressapptest"
| #define VERSION "1.0.9_autoconf"
| #define STRESSAPPTEST_TIMESTAMP "taoo-horizon @ Taoo-Horizon-AI on Fri Oct 29 19:48:24 CST 2021"
| #define HAVE_DIRENT_H 1
| #define STDC_HEADERS 1
| #define HAVE_SYS_TYPES_H 1
| #define HAVE_SYS_STAT_H 1
| #define HAVE_STDLIB_H 1
| #define HAVE_STRING_H 1
| #define HAVE_MEMORY_H 1
| #define HAVE_STRINGS_H 1
| #define HAVE_INTTYPES_H 1
| #define HAVE_STDINT_H 1
| #define HAVE_UNISTD_H 1
| #define HAVE_ARPA_INET_H 1
| #define HAVE_FCNTL_H 1
| #define HAVE_NETDB_H 1
| #define HAVE_STDINT_H 1
| #define HAVE_STDLIB_H 1
| #define HAVE_STRING_H 1
| #define HAVE_SYS_IOCTL_H 1
| #define HAVE_SYS_SOCKET_H 1
| #define HAVE_SYS_TIME_H 1
| #define HAVE_UNISTD_H 1
| #define HAVE_PTHREAD_H 1
| #define HAVE_PTHREAD_BARRIERS 1
| #define HAVE_SYS_SHM_H 1
| #define HAVE__BOOL 1
| #define HAVE_STDBOOL_H 1
| #define restrict __restrict
| /* end confdefs.h.  */
| #include <stdio.h>
| #ifdef HAVE_SYS_TYPES_H
| # include <sys/types.h>
| #endif
| #ifdef HAVE_SYS_STAT_H
| # include <sys/stat.h>
| #endif
| #ifdef STDC_HEADERS
| # include <stdlib.h>
| # include <stddef.h>
| #else
| # ifdef HAVE_STDLIB_H
| #  include <stdlib.h>
| # endif
| #endif
| #ifdef HAVE_STRING_H
| # if !defined STDC_HEADERS && defined HAVE_MEMORY_H
| #  include <memory.h>
| # endif
| # include <string.h>
| #endif
| #ifdef HAVE_STRINGS_H
| # include <strings.h>
| #endif
| #ifdef HAVE_INTTYPES_H
| # include <inttypes.h>
| #endif
| #ifdef HAVE_STDINT_H
| # include <stdint.h>
| #endif
| #ifdef HAVE_UNISTD_H
| # include <unistd.h>
| #endif
| int
| main ()
| {
| if (sizeof ((ssize_t)))
| 	    return 0;
|   ;
|   return 0;
| }
configure:5531: result: yes
configure:5542: checking whether time.h and sys/time.h may both be included
configure:5562: gcc -c -g -O2  conftest.c >&5
configure:5562: $? = 0
configure:5569: result: yes
configure:5577: checking for uint16_t
configure:5577: gcc -c -g -O2  conftest.c >&5
configure:5577: $? = 0
configure:5577: result: yes
configure:5589: checking for working volatile
configure:5608: gcc -c -g -O2  conftest.c >&5
configure:5608: $? = 0
configure:5615: result: yes
configure:5626: checking whether closedir returns void
configure:5650: gcc -o conftest -g -O2   conftest.c -lrt -lpthread  >&5
configure:5650: $? = 0
configure:5650: ./conftest
configure:5650: $? = 0
configure:5660: result: no
configure:5669: checking whether gcc needs -traditional
configure:5703: result: no
configure:5713: checking sys/select.h usability
configure:5713: gcc -c -g -O2  conftest.c >&5
configure:5713: $? = 0
configure:5713: result: yes
configure:5713: checking sys/select.h presence
configure:5713: gcc -E  conftest.c
configure:5713: $? = 0
configure:5713: result: yes
configure:5713: checking for sys/select.h
configure:5713: result: yes
configure:5713: checking for sys/socket.h
configure:5713: result: yes
configure:5723: checking types of arguments for select
configure:5751: gcc -c -g -O2  conftest.c >&5
configure:5751: $? = 0
configure:5762: result: int,fd_set *,struct timeval *
configure:5785: checking return type of signal handlers
configure:5803: gcc -c -g -O2  conftest.c >&5
conftest.c: In function 'main':
conftest.c:53:10: error: void value not ignored as it ought to be
 return *(signal (0, 0)) (0) == 1;
         ~^~~~~~~~~~~~~~~~~~
configure:5803: $? = 1
configure: failed program was:
| /* confdefs.h */
| #define PACKAGE_NAME "stressapptest"
| #define PACKAGE_TARNAME "stressapptest"
| #define PACKAGE_VERSION "1.0.9_autoconf"
| #define PACKAGE_STRING "stressapptest 1.0.9_autoconf"
| #define PACKAGE_BUGREPORT "opensource@google.com"
| #define PACKAGE_URL ""
| #define STRESSAPPTEST_CPU_X86_64 /**/
| #define STRESSAPPTEST_OS_LINUX /**/
| #define PACKAGE "stressapptest"
| #define VERSION "1.0.9_autoconf"
| #define STRESSAPPTEST_TIMESTAMP "taoo-horizon @ Taoo-Horizon-AI on Fri Oct 29 19:48:24 CST 2021"
| #define HAVE_DIRENT_H 1
| #define STDC_HEADERS 1
| #define HAVE_SYS_TYPES_H 1
| #define HAVE_SYS_STAT_H 1
| #define HAVE_STDLIB_H 1
| #define HAVE_STRING_H 1
| #define HAVE_MEMORY_H 1
| #define HAVE_STRINGS_H 1
| #define HAVE_INTTYPES_H 1
| #define HAVE_STDINT_H 1
| #define HAVE_UNISTD_H 1
| #define HAVE_ARPA_INET_H 1
| #define HAVE_FCNTL_H 1
| #define HAVE_NETDB_H 1
| #define HAVE_STDINT_H 1
| #define HAVE_STDLIB_H 1
| #define HAVE_STRING_H 1
| #define HAVE_SYS_IOCTL_H 1
| #define HAVE_SYS_SOCKET_H 1
| #define HAVE_SYS_TIME_H 1
| #define HAVE_UNISTD_H 1
| #define HAVE_PTHREAD_H 1
| #define HAVE_PTHREAD_BARRIERS 1
| #define HAVE_SYS_SHM_H 1
| #define HAVE__BOOL 1
| #define HAVE_STDBOOL_H 1
| #define restrict __restrict
| #define TIME_WITH_SYS_TIME 1
| #define HAVE_SYS_SELECT_H 1
| #define HAVE_SYS_SOCKET_H 1
| #define SELECT_TYPE_ARG1 int
| #define SELECT_TYPE_ARG234 (fd_set *)
| #define SELECT_TYPE_ARG5 (struct timeval *)
| /* end confdefs.h.  */
| #include <sys/types.h>
| #include <signal.h>
| 
| int
| main ()
| {
| return *(signal (0, 0)) (0) == 1;
|   ;
|   return 0;
| }
configure:5810: result: void
configure:5818: checking whether strerror_r is declared
configure:5818: gcc -c -g -O2  conftest.c >&5
configure:5818: $? = 0
configure:5818: result: yes
configure:5831: checking for strerror_r
configure:5831: gcc -o conftest -g -O2   conftest.c -lrt -lpthread  >&5
configure:5831: $? = 0
configure:5831: result: yes
configure:5840: checking whether strerror_r returns char *
configure:5864: gcc -c -g -O2  conftest.c >&5
conftest.c: In function 'main':
conftest.c:88:13: error: invalid type argument of unary '*' (have 'int')
    char x = *strerror_r (0, buf, sizeof buf);
             ^~~~~~~~~~~~~~~~~~~~~~~~~~~~~~~~
conftest.c:89:14: warning: initialization makes pointer from integer without a cast [-Wint-conversion]
    char *p = strerror_r (0, buf, sizeof buf);
              ^~~~~~~~~~
configure:5864: $? = 1
configure: failed program was:
| /* confdefs.h */
| #define PACKAGE_NAME "stressapptest"
| #define PACKAGE_TARNAME "stressapptest"
| #define PACKAGE_VERSION "1.0.9_autoconf"
| #define PACKAGE_STRING "stressapptest 1.0.9_autoconf"
| #define PACKAGE_BUGREPORT "opensource@google.com"
| #define PACKAGE_URL ""
| #define STRESSAPPTEST_CPU_X86_64 /**/
| #define STRESSAPPTEST_OS_LINUX /**/
| #define PACKAGE "stressapptest"
| #define VERSION "1.0.9_autoconf"
| #define STRESSAPPTEST_TIMESTAMP "taoo-horizon @ Taoo-Horizon-AI on Fri Oct 29 19:48:24 CST 2021"
| #define HAVE_DIRENT_H 1
| #define STDC_HEADERS 1
| #define HAVE_SYS_TYPES_H 1
| #define HAVE_SYS_STAT_H 1
| #define HAVE_STDLIB_H 1
| #define HAVE_STRING_H 1
| #define HAVE_MEMORY_H 1
| #define HAVE_STRINGS_H 1
| #define HAVE_INTTYPES_H 1
| #define HAVE_STDINT_H 1
| #define HAVE_UNISTD_H 1
| #define HAVE_ARPA_INET_H 1
| #define HAVE_FCNTL_H 1
| #define HAVE_NETDB_H 1
| #define HAVE_STDINT_H 1
| #define HAVE_STDLIB_H 1
| #define HAVE_STRING_H 1
| #define HAVE_SYS_IOCTL_H 1
| #define HAVE_SYS_SOCKET_H 1
| #define HAVE_SYS_TIME_H 1
| #define HAVE_UNISTD_H 1
| #define HAVE_PTHREAD_H 1
| #define HAVE_PTHREAD_BARRIERS 1
| #define HAVE_SYS_SHM_H 1
| #define HAVE__BOOL 1
| #define HAVE_STDBOOL_H 1
| #define restrict __restrict
| #define TIME_WITH_SYS_TIME 1
| #define HAVE_SYS_SELECT_H 1
| #define HAVE_SYS_SOCKET_H 1
| #define SELECT_TYPE_ARG1 int
| #define SELECT_TYPE_ARG234 (fd_set *)
| #define SELECT_TYPE_ARG5 (struct timeval *)
| #define RETSIGTYPE void
| #define HAVE_DECL_STRERROR_R 1
| #define HAVE_STRERROR_R 1
| /* end confdefs.h.  */
| #include <stdio.h>
| #ifdef HAVE_SYS_TYPES_H
| # include <sys/types.h>
| #endif
| #ifdef HAVE_SYS_STAT_H
| # include <sys/stat.h>
| #endif
| #ifdef STDC_HEADERS
| # include <stdlib.h>
| # include <stddef.h>
| #else
| # ifdef HAVE_STDLIB_H
| #  include <stdlib.h>
| # endif
| #endif
| #ifdef HAVE_STRING_H
| # if !defined STDC_HEADERS && defined HAVE_MEMORY_H
| #  include <memory.h>
| # endif
| # include <string.h>
| #endif
| #ifdef HAVE_STRINGS_H
| # include <strings.h>
| #endif
| #ifdef HAVE_INTTYPES_H
| # include <inttypes.h>
| #endif
| #ifdef HAVE_STDINT_H
| # include <stdint.h>
| #endif
| #ifdef HAVE_UNISTD_H
| # include <unistd.h>
| #endif
| int
| main ()
| {
| 
| 	  char buf[100];
| 	  char x = *strerror_r (0, buf, sizeof buf);
| 	  char *p = strerror_r (0, buf, sizeof buf);
| 	  return !p || x;
| 
|   ;
|   return 0;
| }
configure:5902: result: no
configure:5912: checking for vprintf
configure:5912: gcc -o conftest -g -O2   conftest.c -lrt -lpthread  >&5
conftest.c:73:6: warning: conflicting types for built-in function 'vprintf' [-Wbuiltin-declaration-mismatch]
 char vprintf ();
      ^~~~~~~
configure:5912: $? = 0
configure:5912: result: yes
configure:5918: checking for _doprnt
configure:5918: gcc -o conftest -g -O2   conftest.c -lrt -lpthread  >&5
/tmp/ccaigYLJ.o: In function `main':
/home/taoo-horizon/Horizon/Tool_Test/stressapptest/conftest.c:85: undefined reference to `_doprnt'
collect2: error: ld returned 1 exit status
configure:5918: $? = 1
configure: failed program was:
| /* confdefs.h */
| #define PACKAGE_NAME "stressapptest"
| #define PACKAGE_TARNAME "stressapptest"
| #define PACKAGE_VERSION "1.0.9_autoconf"
| #define PACKAGE_STRING "stressapptest 1.0.9_autoconf"
| #define PACKAGE_BUGREPORT "opensource@google.com"
| #define PACKAGE_URL ""
| #define STRESSAPPTEST_CPU_X86_64 /**/
| #define STRESSAPPTEST_OS_LINUX /**/
| #define PACKAGE "stressapptest"
| #define VERSION "1.0.9_autoconf"
| #define STRESSAPPTEST_TIMESTAMP "taoo-horizon @ Taoo-Horizon-AI on Fri Oct 29 19:48:24 CST 2021"
| #define HAVE_DIRENT_H 1
| #define STDC_HEADERS 1
| #define HAVE_SYS_TYPES_H 1
| #define HAVE_SYS_STAT_H 1
| #define HAVE_STDLIB_H 1
| #define HAVE_STRING_H 1
| #define HAVE_MEMORY_H 1
| #define HAVE_STRINGS_H 1
| #define HAVE_INTTYPES_H 1
| #define HAVE_STDINT_H 1
| #define HAVE_UNISTD_H 1
| #define HAVE_ARPA_INET_H 1
| #define HAVE_FCNTL_H 1
| #define HAVE_NETDB_H 1
| #define HAVE_STDINT_H 1
| #define HAVE_STDLIB_H 1
| #define HAVE_STRING_H 1
| #define HAVE_SYS_IOCTL_H 1
| #define HAVE_SYS_SOCKET_H 1
| #define HAVE_SYS_TIME_H 1
| #define HAVE_UNISTD_H 1
| #define HAVE_PTHREAD_H 1
| #define HAVE_PTHREAD_BARRIERS 1
| #define HAVE_SYS_SHM_H 1
| #define HAVE__BOOL 1
| #define HAVE_STDBOOL_H 1
| #define restrict __restrict
| #define TIME_WITH_SYS_TIME 1
| #define HAVE_SYS_SELECT_H 1
| #define HAVE_SYS_SOCKET_H 1
| #define SELECT_TYPE_ARG1 int
| #define SELECT_TYPE_ARG234 (fd_set *)
| #define SELECT_TYPE_ARG5 (struct timeval *)
| #define RETSIGTYPE void
| #define HAVE_DECL_STRERROR_R 1
| #define HAVE_STRERROR_R 1
| #define HAVE_VPRINTF 1
| /* end confdefs.h.  */
| /* Define _doprnt to an innocuous variant, in case <limits.h> declares _doprnt.
|    For example, HP-UX 11i <limits.h> declares gettimeofday.  */
| #define _doprnt innocuous__doprnt
| 
| /* System header to define __stub macros and hopefully few prototypes,
|     which can conflict with char _doprnt (); below.
|     Prefer <limits.h> to <assert.h> if __STDC__ is defined, since
|     <limits.h> exists even on freestanding compilers.  */
| 
| #ifdef __STDC__
| # include <limits.h>
| #else
| # include <assert.h>
| #endif
| 
| #undef _doprnt
| 
| /* Override any GCC internal prototype to avoid an error.
|    Use char because int might match the return type of a GCC
|    builtin and then its argument prototype would still apply.  */
| #ifdef __cplusplus
| extern "C"
| #endif
| char _doprnt ();
| /* The GNU C library defines this for functions which it implements
|     to always fail with ENOSYS.  Some functions are actually named
|     something starting with __ and the normal name is an alias.  */
| #if defined __stub__doprnt || defined __stub____doprnt
| choke me
| #endif
| 
| int
| main ()
| {
| return _doprnt ();
|   ;
|   return 0;
| }
configure:5918: result: no
configure:5932: checking for ftruncate
configure:5932: gcc -o conftest -g -O2   conftest.c -lrt -lpthread  >&5
configure:5932: $? = 0
configure:5932: result: yes
configure:5932: checking for gettimeofday
configure:5932: gcc -o conftest -g -O2   conftest.c -lrt -lpthread  >&5
configure:5932: $? = 0
configure:5932: result: yes
configure:5932: checking for memset
configure:5932: gcc -o conftest -g -O2   conftest.c -lrt -lpthread  >&5
conftest.c:76:6: warning: conflicting types for built-in function 'memset' [-Wbuiltin-declaration-mismatch]
 char memset ();
      ^~~~~~
configure:5932: $? = 0
configure:5932: result: yes
configure:5932: checking for munmap
configure:5932: gcc -o conftest -g -O2   conftest.c -lrt -lpthread  >&5
configure:5932: $? = 0
configure:5932: result: yes
configure:5932: checking for select
configure:5932: gcc -o conftest -g -O2   conftest.c -lrt -lpthread  >&5
configure:5932: $? = 0
configure:5932: result: yes
configure:5932: checking for socket
configure:5932: gcc -o conftest -g -O2   conftest.c -lrt -lpthread  >&5
configure:5932: $? = 0
configure:5932: result: yes
configure:5932: checking for strtol
configure:5932: gcc -o conftest -g -O2   conftest.c -lrt -lpthread  >&5
configure:5932: $? = 0
configure:5932: result: yes
configure:5932: checking for strtoull
configure:5932: gcc -o conftest -g -O2   conftest.c -lrt -lpthread  >&5
configure:5932: $? = 0
configure:5932: result: yes
configure:5944: checking for mmap64
configure:5944: gcc -o conftest -g -O2   conftest.c -lrt -lpthread  >&5
configure:5944: $? = 0
configure:5944: result: yes
configure:5944: checking for posix_memalign
configure:5944: gcc -o conftest -g -O2   conftest.c -lrt -lpthread  >&5
conftest.c:83:6: warning: conflicting types for built-in function 'posix_memalign' [-Wbuiltin-declaration-mismatch]
 char posix_memalign ();
      ^~~~~~~~~~~~~~
configure:5944: $? = 0
configure:5944: result: yes
configure:5944: checking for rand_r
configure:5944: gcc -o conftest -g -O2   conftest.c -lrt -lpthread  >&5
configure:5944: $? = 0
configure:5944: result: yes
configure:5944: checking for sched_getaffinity
configure:5944: gcc -o conftest -g -O2   conftest.c -lrt -lpthread  >&5
configure:5944: $? = 0
configure:5944: result: yes
configure:6090: creating ./config.status

## ---------------------- ##
## Running config.status. ##
## ---------------------- ##

This file was extended by stressapptest config.status 1.0.9_autoconf, which was
generated by GNU Autoconf 2.69.  Invocation command line was

  CONFIG_FILES    = 
  CONFIG_HEADERS  = 
  CONFIG_LINKS    = 
  CONFIG_COMMANDS = 
  $ ./config.status 

on Taoo-Horizon-AI

config.status:905: creating Makefile
config.status:905: creating src/Makefile
config.status:905: creating src/stressapptest_config.h
config.status:1134: executing depfiles commands

## ---------------- ##
## Cache variables. ##
## ---------------- ##

ac_cv_build=x86_64-pc-linux-gnu
ac_cv_c_compiler_gnu=yes
ac_cv_c_const=yes
ac_cv_c_inline=inline
ac_cv_c_restrict=__restrict
ac_cv_c_uint16_t=yes
ac_cv_c_volatile=yes
ac_cv_cxx_compiler_gnu=yes
ac_cv_env_CCC_set=
ac_cv_env_CCC_value=
ac_cv_env_CC_set=
ac_cv_env_CC_value=
ac_cv_env_CFLAGS_set=
ac_cv_env_CFLAGS_value=
ac_cv_env_CPPFLAGS_set=
ac_cv_env_CPPFLAGS_value=
ac_cv_env_CPP_set=
ac_cv_env_CPP_value=
ac_cv_env_CXXFLAGS_set=
ac_cv_env_CXXFLAGS_value=
ac_cv_env_CXX_set=
ac_cv_env_CXX_value=
ac_cv_env_LDFLAGS_set=
ac_cv_env_LDFLAGS_value=
ac_cv_env_LIBS_set=
ac_cv_env_LIBS_value=
ac_cv_env_build_alias_set=
ac_cv_env_build_alias_value=
ac_cv_env_host_alias_set=
ac_cv_env_host_alias_value=
ac_cv_env_target_alias_set=
ac_cv_env_target_alias_value=
ac_cv_func__doprnt=no
ac_cv_func_closedir_void=no
ac_cv_func_ftruncate=yes
ac_cv_func_gettimeofday=yes
ac_cv_func_memset=yes
ac_cv_func_mmap64=yes
ac_cv_func_munmap=yes
ac_cv_func_posix_memalign=yes
ac_cv_func_rand_r=yes
ac_cv_func_sched_getaffinity=yes
ac_cv_func_select=yes
ac_cv_func_select_args='int,fd_set *,struct timeval *'
ac_cv_func_socket=yes
ac_cv_func_strerror_r=yes
ac_cv_func_strerror_r_char_p=no
ac_cv_func_strtol=yes
ac_cv_func_strtoull=yes
ac_cv_func_vprintf=yes
ac_cv_have_decl_strerror_r=yes
ac_cv_header_arpa_inet_h=yes
ac_cv_header_dirent_dirent_h=yes
ac_cv_header_fcntl_h=yes
ac_cv_header_inttypes_h=yes
ac_cv_header_libaio_h=no
ac_cv_header_memory_h=yes
ac_cv_header_netdb_h=yes
ac_cv_header_pthread_h=yes
ac_cv_header_stdbool_h=yes
ac_cv_header_stdc=yes
ac_cv_header_stdint_h=yes
ac_cv_header_stdlib_h=yes
ac_cv_header_string_h=yes
ac_cv_header_strings_h=yes
ac_cv_header_sys_ioctl_h=yes
ac_cv_header_sys_select_h=yes
ac_cv_header_sys_shm_h=yes
ac_cv_header_sys_socket_h=yes
ac_cv_header_sys_stat_h=yes
ac_cv_header_sys_time_h=yes
ac_cv_header_sys_types_h=yes
ac_cv_header_time=yes
ac_cv_header_unistd_h=yes
ac_cv_host=x86_64-pc-linux-gnu
ac_cv_objext=o
ac_cv_path_EGREP='/bin/grep -E'
ac_cv_path_GREP=/bin/grep
ac_cv_path_install='/usr/bin/install -c'
ac_cv_path_mkdir=/bin/mkdir
ac_cv_prog_AWK=gawk
ac_cv_prog_CPP='gcc -E'
ac_cv_prog_ac_ct_CC=gcc
ac_cv_prog_ac_ct_CXX=g++
ac_cv_prog_cc_c89=
ac_cv_prog_cc_g=yes
ac_cv_prog_cxx_g=yes
ac_cv_prog_gcc_traditional=no
ac_cv_prog_make_make_set=yes
ac_cv_search_io_setup=no
ac_cv_search_opendir='none required'
ac_cv_search_pthread_create=-lpthread
ac_cv_search_shm_open=-lrt
ac_cv_type__Bool=yes
ac_cv_type_pid_t=yes
ac_cv_type_pthread_barrier_t=yes
ac_cv_type_signal=void
ac_cv_type_size_t=yes
ac_cv_type_ssize_t=yes
am_cv_CC_dependencies_compiler_type=gcc3
am_cv_CXX_dependencies_compiler_type=gcc3

## ----------------- ##
## Output variables. ##
## ----------------- ##

ACLOCAL='${SHELL} /home/taoo-horizon/Horizon/Tool_Test/stressapptest/missing --run aclocal-1.11'
AMDEPBACKSLASH='\'
AMDEP_FALSE='#'
AMDEP_TRUE=''
AMTAR='${SHELL} /home/taoo-horizon/Horizon/Tool_Test/stressapptest/missing --run tar'
AUTOCONF='${SHELL} /home/taoo-horizon/Horizon/Tool_Test/stressapptest/missing --run autoconf'
AUTOHEADER='${SHELL} /home/taoo-horizon/Horizon/Tool_Test/stressapptest/missing --run autoheader'
AUTOMAKE='${SHELL} /home/taoo-horizon/Horizon/Tool_Test/stressapptest/missing --run automake-1.11'
AWK='gawk'
CC='gcc'
CCDEPMODE='depmode=gcc3'
CFLAGS='-g -O2'
CPP='gcc -E'
CPPFLAGS=''
CXX='g++'
CXXDEPMODE='depmode=gcc3'
CXXFLAGS=' -DCHECKOPTS -Wreturn-type -Wunused -Wuninitialized -Wall -O3 -funroll-all-loops  -funroll-loops -DNDEBUG'
CYGPATH_W='echo'
DEFS='-DHAVE_CONFIG_H'
DEPDIR='.deps'
ECHO_C=''
ECHO_N='-n'
ECHO_T=''
EGREP='/bin/grep -E'
EXEEXT=''
GREP='/bin/grep'
INSTALL_DATA='${INSTALL} -m 644'
INSTALL_PROGRAM='${INSTALL}'
INSTALL_SCRIPT='${INSTALL}'
INSTALL_STRIP_PROGRAM='$(install_sh) -c -s'
LDFLAGS=''
LIBOBJS=''
LIBS='-lrt -lpthread '
LTLIBOBJS=''
MAKEINFO='${SHELL} /home/taoo-horizon/Horizon/Tool_Test/stressapptest/missing --run makeinfo'
MKDIR_P='/bin/mkdir -p'
OBJEXT='o'
PACKAGE='stressapptest'
PACKAGE_BUGREPORT='opensource@google.com'
PACKAGE_NAME='stressapptest'
PACKAGE_STRING='stressapptest 1.0.9_autoconf'
PACKAGE_TARNAME='stressapptest'
PACKAGE_URL=''
PACKAGE_VERSION='1.0.9_autoconf'
PATH_SEPARATOR=':'
SET_MAKE=''
SHELL='/bin/bash'
STRIP=''
VERSION='1.0.9_autoconf'
ac_ct_CC='gcc'
ac_ct_CXX='g++'
am__EXEEXT_FALSE=''
am__EXEEXT_TRUE='#'
am__fastdepCC_FALSE='#'
am__fastdepCC_TRUE=''
am__fastdepCXX_FALSE='#'
am__fastdepCXX_TRUE=''
am__include='include'
am__isrc=''
am__leading_dot='.'
am__quote=''
am__tar='${AMTAR} chof - "$$tardir"'
am__untar='${AMTAR} xf -'
bindir='${exec_prefix}/bin'
build='x86_64-pc-linux-gnu'
build_alias=''
build_cpu='x86_64'
build_os='linux-gnu'
build_vendor='pc'
datadir='${datarootdir}'
datarootdir='${prefix}/share'
docdir='${datarootdir}/doc/${PACKAGE_TARNAME}'
dvidir='${docdir}'
exec_prefix='${prefix}'
host='x86_64-pc-linux-gnu'
host_alias=''
host_cpu='x86_64'
host_os='linux-gnu'
host_vendor='pc'
htmldir='${docdir}'
includedir='${prefix}/include'
infodir='${datarootdir}/info'
install_sh='${SHELL} /home/taoo-horizon/Horizon/Tool_Test/stressapptest/install-sh'
libdir='${exec_prefix}/lib'
libexecdir='${exec_prefix}/libexec'
localedir='${datarootdir}/locale'
localstatedir='${prefix}/var'
mandir='${datarootdir}/man'
mkdir_p='/bin/mkdir -p'
oldincludedir='/usr/include'
pdfdir='${docdir}'
prefix='/home/taoo-horizon/Horizon/Tool_Test/stressapptest/out'
program_transform_name='s,x,x,'
psdir='${docdir}'
runstatedir='${localstatedir}/run'
sbindir='${exec_prefix}/sbin'
sharedstatedir='${prefix}/com'
sysconfdir='${prefix}/etc'
target_alias=''

## ----------- ##
## confdefs.h. ##
## ----------- ##

/* confdefs.h */
#define PACKAGE_NAME "stressapptest"
#define PACKAGE_TARNAME "stressapptest"
#define PACKAGE_VERSION "1.0.9_autoconf"
#define PACKAGE_STRING "stressapptest 1.0.9_autoconf"
#define PACKAGE_BUGREPORT "opensource@google.com"
#define PACKAGE_URL ""
#define STRESSAPPTEST_CPU_X86_64 /**/
#define STRESSAPPTEST_OS_LINUX /**/
#define PACKAGE "stressapptest"
#define VERSION "1.0.9_autoconf"
#define STRESSAPPTEST_TIMESTAMP "taoo-horizon @ Taoo-Horizon-AI on Fri Oct 29 19:48:24 CST 2021"
#define HAVE_DIRENT_H 1
#define STDC_HEADERS 1
#define HAVE_SYS_TYPES_H 1
#define HAVE_SYS_STAT_H 1
#define HAVE_STDLIB_H 1
#define HAVE_STRING_H 1
#define HAVE_MEMORY_H 1
#define HAVE_STRINGS_H 1
#define HAVE_INTTYPES_H 1
#define HAVE_STDINT_H 1
#define HAVE_UNISTD_H 1
#define HAVE_ARPA_INET_H 1
#define HAVE_FCNTL_H 1
#define HAVE_NETDB_H 1
#define HAVE_STDINT_H 1
#define HAVE_STDLIB_H 1
#define HAVE_STRING_H 1
#define HAVE_SYS_IOCTL_H 1
#define HAVE_SYS_SOCKET_H 1
#define HAVE_SYS_TIME_H 1
#define HAVE_UNISTD_H 1
#define HAVE_PTHREAD_H 1
#define HAVE_PTHREAD_BARRIERS 1
#define HAVE_SYS_SHM_H 1
#define HAVE__BOOL 1
#define HAVE_STDBOOL_H 1
#define restrict __restrict
#define TIME_WITH_SYS_TIME 1
#define HAVE_SYS_SELECT_H 1
#define HAVE_SYS_SOCKET_H 1
#define SELECT_TYPE_ARG1 int
#define SELECT_TYPE_ARG234 (fd_set *)
#define SELECT_TYPE_ARG5 (struct timeval *)
#define RETSIGTYPE void
#define HAVE_DECL_STRERROR_R 1
#define HAVE_STRERROR_R 1
#define HAVE_VPRINTF 1
#define HAVE_FTRUNCATE 1
#define HAVE_GETTIMEOFDAY 1
#define HAVE_MEMSET 1
#define HAVE_MUNMAP 1
#define HAVE_SELECT 1
#define HAVE_SOCKET 1
#define HAVE_STRTOL 1
#define HAVE_STRTOULL 1
#define HAVE_MMAP64 1
#define HAVE_POSIX_MEMALIGN 1
#define HAVE_RAND_R 1
#define HAVE_SCHED_GETAFFINITY 1

configure: exit 0
